;;; 
Export: Release 11.2.0.2.0 - Production on Tue Mar 4 01:49:36 2014

Copyright (c) 1982, 2009, Oracle and/or its affiliates.  All rights reserved.
;;; 
Connected to: Oracle Database 11g Express Edition Release 11.2.0.2.0 - Production
Starting "SYS"."SYS_EXPORT_SCHEMA_01":  sys/******** AS SYSDBA SCHEMAS=wch3 DIRECTORY=dmpdir DUMPFILE=schema.dmp LOGFILE=expschema.log 
Estimate in progress using BLOCKS method...
Processing object type SCHEMA_EXPORT/TABLE/TABLE_DATA
Total estimation using BLOCKS method: 512 KB
Processing object type SCHEMA_EXPORT/USER
Processing object type SCHEMA_EXPORT/SYSTEM_GRANT
Processing object type SCHEMA_EXPORT/ROLE_GRANT
Processing object type SCHEMA_EXPORT/DEFAULT_ROLE
Processing object type SCHEMA_EXPORT/PRE_SCHEMA/PROCACT_SCHEMA
Processing object type SCHEMA_EXPORT/SEQUENCE/SEQUENCE
Processing object type SCHEMA_EXPORT/TABLE/TABLE
Processing object type SCHEMA_EXPORT/TABLE/CONSTRAINT/CONSTRAINT
Processing object type SCHEMA_EXPORT/TABLE/INDEX/STATISTICS/INDEX_STATISTICS
Processing object type SCHEMA_EXPORT/TABLE/CONSTRAINT/REF_CONSTRAINT
Processing object type SCHEMA_EXPORT/TABLE/STATISTICS/TABLE_STATISTICS
. . exported "WCH3"."T_ADDRESS"                          6.023 KB       5 rows
. . exported "WCH3"."T_JOB"                              7.007 KB       5 rows
. . exported "WCH3"."T_JOBTYPE"                          5.546 KB       4 rows
. . exported "WCH3"."T_ORDER"                            6.929 KB       6 rows
. . exported "WCH3"."T_ROLE"                             5.492 KB       2 rows
. . exported "WCH3"."T_SKILL"                              5.5 KB       3 rows
. . exported "WCH3"."T_USER"                             6.460 KB       8 rows
. . exported "WCH3"."T_WORKER"                           6.554 KB       5 rows
Master table "SYS"."SYS_EXPORT_SCHEMA_01" successfully loaded/unloaded
******************************************************************************
Dump file set for SYS.SYS_EXPORT_SCHEMA_01 is:
  D:\SONY\SCHEMA.DMP
Job "SYS"."SYS_EXPORT_SCHEMA_01" successfully completed at 01:51:17
